<?xml version="1.0" encoding="UTF-8"?>
<testng-results ignored="0" total="2" passed="2" failed="0" skipped="0">
  <reporter-output>
  </reporter-output>
  <suite started-at="2023-01-30T11:44:54 IST" name="Default suite" finished-at="2023-01-30T11:45:10 IST" duration-ms="16038">
    <groups>
    </groups>
    <test started-at="2023-01-30T11:44:54 IST" name="Default test" finished-at="2023-01-30T11:45:10 IST" duration-ms="16038">
      <class name="com.crm.qa.testcases.LoginPageTest">
        <test-method is-config="true" signature="setup()[pri:0, instance:com.crm.qa.testcases.LoginPageTest@4686afc2]" started-at="2023-01-30T11:44:54 IST" name="setup" finished-at="2023-01-30T11:45:04 IST" duration-ms="9287" status="PASS">
          <reporter-output>
          </reporter-output>
        </test-method> <!-- setup -->
        <test-method signature="LoginPageTitiletest()[pri:1, instance:com.crm.qa.testcases.LoginPageTest@4686afc2]" started-at="2023-01-30T11:45:04 IST" name="LoginPageTitiletest" finished-at="2023-01-30T11:45:04 IST" duration-ms="30" status="PASS">
          <reporter-output>
          </reporter-output>
        </test-method> <!-- LoginPageTitiletest -->
        <test-method is-config="true" signature="tearDown()[pri:0, instance:com.crm.qa.testcases.LoginPageTest@4686afc2]" started-at="2023-01-30T11:45:04 IST" name="tearDown" finished-at="2023-01-30T11:45:04 IST" duration-ms="573" status="PASS">
          <reporter-output>
          </reporter-output>
        </test-method> <!-- tearDown -->
        <test-method is-config="true" signature="setup()[pri:0, instance:com.crm.qa.testcases.LoginPageTest@4686afc2]" started-at="2023-01-30T11:45:04 IST" name="setup" finished-at="2023-01-30T11:45:09 IST" duration-ms="5174" status="PASS">
          <reporter-output>
          </reporter-output>
        </test-method> <!-- setup -->
        <test-method signature="LoginTest()[pri:2, instance:com.crm.qa.testcases.LoginPageTest@4686afc2]" started-at="2023-01-30T11:45:09 IST" name="LoginTest" finished-at="2023-01-30T11:45:10 IST" duration-ms="437" status="PASS">
          <reporter-output>
          </reporter-output>
        </test-method> <!-- LoginTest -->
        <test-method is-config="true" signature="tearDown()[pri:0, instance:com.crm.qa.testcases.LoginPageTest@4686afc2]" started-at="2023-01-30T11:45:10 IST" name="tearDown" finished-at="2023-01-30T11:45:10 IST" duration-ms="444" status="PASS">
          <reporter-output>
          </reporter-output>
        </test-method> <!-- tearDown -->
      </class> <!-- com.crm.qa.testcases.LoginPageTest -->
    </test> <!-- Default test -->
  </suite> <!-- Default suite -->
</testng-results>
